<?xml version="1.0" encoding="UTF-8"?>
<!-- Generated by org.testng.reporters.JUnitXMLReporter -->
<testsuite hostname="LAPTOP-I3V0BKGE" ignored="4" name="Test" tests="7" failures="0" timestamp="13 Jun 2020 09:52:21 GMT" time="0.047" errors="0">
  <testcase name="@BeforeSuite setUp" time="3.489" classname="com.buddi.hdportal.tests.HDPortalBaseTest">
    <failure type="org.openqa.selenium.SessionNotCreatedException" message="session not created: This version of ChromeDriver only supports Chrome version 81
Build info: version: &amp;apos;3.141.59&amp;apos;, revision: &amp;apos;e82be7d358&amp;apos;, time: &amp;apos;2018-11-14T08:25:53&amp;apos;
System info: host: &amp;apos;LAPTOP-I3V0BKGE&amp;apos;, ip: &amp;apos;10.0.0.3&amp;apos;, os.name: &amp;apos;Windows 10&amp;apos;, os.arch: &amp;apos;amd64&amp;apos;, os.version: &amp;apos;10.0&amp;apos;, java.version: &amp;apos;1.8.0_221&amp;apos;
Driver info: driver.version: ChromeDriver
remote stacktrace: Backtrace:
	Ordinal0 [0x00545E93+2449043]
	Ordinal0 [0x00478281+1606273]
	Ordinal0 [0x0036F889+522377]
	Ordinal0 [0x003005F3+67059]
	Ordinal0 [0x002FCD92+52626]
	Ordinal0 [0x0031C127+180519]
	Ordinal0 [0x0031BF2D+180013]
	Ordinal0 [0x00319E5B+171611]
	Ordinal0 [0x00301DD8+73176]
	Ordinal0 [0x00302E50+77392]
	Ordinal0 [0x00302DE9+77289]
	Ordinal0 [0x0048D7F7+1693687]
	GetHandleVerifier [0x005E4576+522742]
	GetHandleVerifier [0x005E42B4+522036]
	GetHandleVerifier [0x005F9587+608775]
	GetHandleVerifier [0x005E4DE6+524902]
	Ordinal0 [0x00485BDC+1661916]
	Ordinal0 [0x0048F15B+1700187]
	Ordinal0 [0x0048F2C3+1700547]
	Ordinal0 [0x004A5135+1790261]
	BaseThreadInitThunk [0x75846359+25]
	RtlGetAppContainerNamedObjectPath [0x77DC7C24+228]
	RtlGetAppContainerNamedObjectPath [0x77DC7BF4+180]
">
      <![CDATA[org.openqa.selenium.SessionNotCreatedException: session not created: This version of ChromeDriver only supports Chrome version 81
Build info: version: '3.141.59', revision: 'e82be7d358', time: '2018-11-14T08:25:53'
System info: host: 'LAPTOP-I3V0BKGE', ip: '10.0.0.3', os.name: 'Windows 10', os.arch: 'amd64', os.version: '10.0', java.version: '1.8.0_221'
Driver info: driver.version: ChromeDriver
remote stacktrace: Backtrace:
	Ordinal0 [0x00545E93+2449043]
	Ordinal0 [0x00478281+1606273]
	Ordinal0 [0x0036F889+522377]
	Ordinal0 [0x003005F3+67059]
	Ordinal0 [0x002FCD92+52626]
	Ordinal0 [0x0031C127+180519]
	Ordinal0 [0x0031BF2D+180013]
	Ordinal0 [0x00319E5B+171611]
	Ordinal0 [0x00301DD8+73176]
	Ordinal0 [0x00302E50+77392]
	Ordinal0 [0x00302DE9+77289]
	Ordinal0 [0x0048D7F7+1693687]
	GetHandleVerifier [0x005E4576+522742]
	GetHandleVerifier [0x005E42B4+522036]
	GetHandleVerifier [0x005F9587+608775]
	GetHandleVerifier [0x005E4DE6+524902]
	Ordinal0 [0x00485BDC+1661916]
	Ordinal0 [0x0048F15B+1700187]
	Ordinal0 [0x0048F2C3+1700547]
	Ordinal0 [0x004A5135+1790261]
	BaseThreadInitThunk [0x75846359+25]
	RtlGetAppContainerNamedObjectPath [0x77DC7C24+228]
	RtlGetAppContainerNamedObjectPath [0x77DC7BF4+180]

	at org.openqa.selenium.remote.W3CHandshakeResponse.lambda$errorHandler$0(W3CHandshakeResponse.java:62)
	at org.openqa.selenium.remote.HandshakeResponse.lambda$getResponseFunction$0(HandshakeResponse.java:30)
	at org.openqa.selenium.remote.ProtocolHandshake.lambda$createSession$0(ProtocolHandshake.java:126)
	at java.util.stream.ReferencePipeline$3$1.accept(ReferencePipeline.java:193)
	at java.util.Spliterators$ArraySpliterator.tryAdvance(Spliterators.java:958)
	at java.util.stream.ReferencePipeline.forEachWithCancel(ReferencePipeline.java:126)
	at java.util.stream.AbstractPipeline.copyIntoWithCancel(AbstractPipeline.java:499)
	at java.util.stream.AbstractPipeline.copyInto(AbstractPipeline.java:486)
	at java.util.stream.AbstractPipeline.wrapAndCopyInto(AbstractPipeline.java:472)
	at java.util.stream.FindOps$FindOp.evaluateSequential(FindOps.java:152)
	at java.util.stream.AbstractPipeline.evaluate(AbstractPipeline.java:234)
	at java.util.stream.ReferencePipeline.findFirst(ReferencePipeline.java:464)
	at org.openqa.selenium.remote.ProtocolHandshake.createSession(ProtocolHandshake.java:128)
	at org.openqa.selenium.remote.ProtocolHandshake.createSession(ProtocolHandshake.java:74)
	at org.openqa.selenium.remote.HttpCommandExecutor.execute(HttpCommandExecutor.java:136)
	at org.openqa.selenium.remote.service.DriverCommandExecutor.execute(DriverCommandExecutor.java:83)
	at org.openqa.selenium.remote.RemoteWebDriver.execute(RemoteWebDriver.java:552)
	at org.openqa.selenium.remote.RemoteWebDriver.startSession(RemoteWebDriver.java:213)
	at org.openqa.selenium.remote.RemoteWebDriver.<init>(RemoteWebDriver.java:131)
	at org.openqa.selenium.chrome.ChromeDriver.<init>(ChromeDriver.java:181)
	at org.openqa.selenium.chrome.ChromeDriver.<init>(ChromeDriver.java:168)
	at org.openqa.selenium.chrome.ChromeDriver.<init>(ChromeDriver.java:157)
	at com.buddi.hdportal.tests.HDPortalBaseTest.setUp(HDPortalBaseTest.java:76)
... Removed 23 stack frames]]>
    </failure>
  </testcase> <!-- @BeforeSuite setUp -->
  <testcase name="@BeforeClass initialize" time="0.0" classname="com.buddi.hdportal.tests.HDPortalBaseTest">
    <skipped/>
  </testcase> <!-- @BeforeClass initialize -->
  <testcase name="@BeforeClass initialize" time="0.0" classname="com.buddi.hdportal.tests.HDPortalBaseTest">
    <skipped/>
  </testcase> <!-- @BeforeClass initialize -->
  <testcase name="@BeforeClass initialize" time="0.0" classname="com.buddi.hdportal.tests.HDPortalBaseTest">
    <skipped/>
  </testcase> <!-- @BeforeClass initialize -->
  <testcase name="launchHDPortal" time="0.0" classname="com.buddi.hdportal.tests.HDPortalLoginTest">
    <skipped/>
  </testcase> <!-- launchHDPortal -->
  <testcase name="loginHDPortal" time="0.0" classname="com.buddi.hdportal.tests.HDPortalLoginTest">
    <skipped/>
  </testcase> <!-- loginHDPortal -->
  <testcase name="verifyHelpDeskTitle" time="0.0" classname="com.buddi.hdportal.tests.HDPortalHomeTest">
    <skipped/>
  </testcase> <!-- verifyHelpDeskTitle -->
  <testcase name="expandManagementMenu" time="0.0" classname="com.buddi.hdportal.tests.HDPortalManagementTest">
    <skipped/>
  </testcase> <!-- expandManagementMenu -->
  <testcase name="clickUserGroupsMenuItem" time="0.0" classname="com.buddi.hdportal.tests.HDPortalManagementTest">
    <skipped/>
  </testcase> <!-- clickUserGroupsMenuItem -->
  <testcase name="addUserGroup" time="0.0" classname="com.buddi.hdportal.tests.HDPortalManagementTest">
    <skipped/>
  </testcase> <!-- addUserGroup -->
  <testcase name="deleteCreatedUserGroup" time="0.0" classname="com.buddi.hdportal.tests.HDPortalManagementTest">
    <skipped/>
  </testcase> <!-- deleteCreatedUserGroup -->
  <testcase name="@BeforeSuite setUp" time="0.0" classname="com.buddi.hdportal.tests.HDPortalBaseTest">
    <ignored/>
  </testcase> <!-- @BeforeSuite setUp -->
  <testcase name="@BeforeSuite setUp" time="0.0" classname="com.buddi.hdportal.tests.HDPortalBaseTest">
    <ignored/>
  </testcase> <!-- @BeforeSuite setUp -->
  <testcase name="@AfterSuite clean" time="0.0" classname="com.buddi.hdportal.tests.HDPortalBaseTest">
    <ignored/>
  </testcase> <!-- @AfterSuite clean -->
  <testcase name="@AfterSuite clean" time="0.0" classname="com.buddi.hdportal.tests.HDPortalBaseTest">
    <ignored/>
  </testcase> <!-- @AfterSuite clean -->
</testsuite> <!-- Test -->
