<!DOCTYPE html PUBLIC "-//W3C//DTD XHTML 1.1//EN" "http://www.w3.org/TR/xhtml11/DTD/xhtml11.dtd">
<html xmlns="http://www.w3.org/1999/xhtml"><head><title>TestNG Report</title><style type="text/css">table {margin-bottom:10px;border-collapse:collapse;empty-cells:show}th,td {border:1px solid #009;padding:.25em .5em}th {vertical-align:bottom}td {vertical-align:top}table a {font-weight:bold}.stripe td {background-color: #E6EBF9}.num {text-align:right}.passedodd td {background-color: #3F3}.passedeven td {background-color: #0A0}.skippedodd td {background-color: #DDD}.skippedeven td {background-color: #CCC}.failedodd td,.attn {background-color: #F33}.failedeven td,.stripe .attn {background-color: #D00}.stacktrace {white-space:pre;font-family:monospace}.totop {font-size:85%;text-align:center;border-bottom:2px solid #000}</style></head><body><table><tr><th>Test</th><th># Passed</th><th># Skipped</th><th># Failed</th><th>Time (ms)</th><th>Included Groups</th><th>Excluded Groups</th></tr><tr><th colspan="7">Suite</th></tr><tr><td><a href="#t0">Test</a></td><td class="num">0</td><td class="num attn">7</td><td class="num">0</td><td class="num">47</td><td></td><td></td></tr></table><table id='summary'><thead><tr><th>Class</th><th>Method</th><th>Start</th><th>Time (ms)</th></tr></thead><tbody><tr><th colspan="4">Suite</th></tr></tbody><tbody id="t0"><tr><th colspan="4">Test &#8212; failed (configuration methods)</th></tr><tr class="failedeven"><td rowspan="2">com.buddi.hdportal.tests.HDPortalLoginTest</td><td><a href="#m0">clean</a></td><td rowspan="1">1592041941321</td><td rowspan="1">1</td></tr><tr class="failedeven"><td><a href="#m1">setUp</a></td><td rowspan="1">1592041937734</td><td rowspan="1">3489</td></tr><tr><th colspan="4">Test &#8212; skipped (configuration methods)</th></tr><tr class="skippedeven"><td rowspan="1">com.buddi.hdportal.tests.HDPortalHomeTest</td><td><a href="#m2">initialize</a></td><td rowspan="1">1592041941267</td><td rowspan="1">0</td></tr><tr class="skippedodd"><td rowspan="1">com.buddi.hdportal.tests.HDPortalLoginTest</td><td><a href="#m3">initialize</a></td><td rowspan="1">1592041941241</td><td rowspan="1">0</td></tr><tr class="skippedeven"><td rowspan="1">com.buddi.hdportal.tests.HDPortalManagementTest</td><td><a href="#m4">initialize</a></td><td rowspan="1">1592041941270</td><td rowspan="1">0</td></tr><tr><th colspan="4">Test &#8212; skipped</th></tr><tr class="skippedeven"><td rowspan="1">com.buddi.hdportal.tests.HDPortalHomeTest</td><td><a href="#m5">verifyHelpDeskTitle</a></td><td rowspan="1">1592041941268</td><td rowspan="1">0</td></tr><tr class="skippedodd"><td rowspan="2">com.buddi.hdportal.tests.HDPortalLoginTest</td><td><a href="#m6">launchHDPortal</a></td><td rowspan="1">1592041941254</td><td rowspan="1">0</td></tr><tr class="skippedodd"><td><a href="#m7">loginHDPortal</a></td><td rowspan="1">1592041941264</td><td rowspan="1">0</td></tr><tr class="skippedeven"><td rowspan="4">com.buddi.hdportal.tests.HDPortalManagementTest</td><td><a href="#m8">addUserGroup</a></td><td rowspan="1">1592041941274</td><td rowspan="1">0</td></tr><tr class="skippedeven"><td><a href="#m9">clickUserGroupsMenuItem</a></td><td rowspan="1">1592041941272</td><td rowspan="1">0</td></tr><tr class="skippedeven"><td><a href="#m10">deleteCreatedUserGroup</a></td><td rowspan="1">1592041941276</td><td rowspan="1">0</td></tr><tr class="skippedeven"><td><a href="#m11">expandManagementMenu</a></td><td rowspan="1">1592041941271</td><td rowspan="1">0</td></tr></tbody></table><h2>Test</h2><h3 id="m0">com.buddi.hdportal.tests.HDPortalLoginTest#clean</h3><table class="result"><tr><th>Messages</th></tr><tr><td><div class="messages">null</div></td></tr><tr><th>Exception</th></tr><tr><td><div class="stacktrace">java.lang.NullPointerException
	at com.buddi.hdportal.tests.HDPortalBaseTest.clean(HDPortalBaseTest.java:191)
... Removed 19 stack frames</div></td></tr></table><p class="totop"><a href="#summary">back to summary</a></p><h3 id="m1">com.buddi.hdportal.tests.HDPortalLoginTest#setUp</h3><table class="result"><tr class="param"><th>Parameter #1</th><th>Parameter #2</th></tr><tr class="param stripe"><td>chromedriver</td><td>ChromeSuite</td></tr><tr><th colspan="2">Exception</th></tr><tr><td colspan="2"><div class="stacktrace">org.openqa.selenium.SessionNotCreatedException: session not created: This version of ChromeDriver only supports Chrome version 81
Build info: version: &apos;3.141.59&apos;, revision: &apos;e82be7d358&apos;, time: &apos;2018-11-14T08:25:53&apos;
System info: host: &apos;LAPTOP-I3V0BKGE&apos;, ip: &apos;10.0.0.3&apos;, os.name: &apos;Windows 10&apos;, os.arch: &apos;amd64&apos;, os.version: &apos;10.0&apos;, java.version: &apos;1.8.0_221&apos;
Driver info: driver.version: ChromeDriver
remote stacktrace: Backtrace:
	Ordinal0 [0x00545E93+2449043]
	Ordinal0 [0x00478281+1606273]
	Ordinal0 [0x0036F889+522377]
	Ordinal0 [0x003005F3+67059]
	Ordinal0 [0x002FCD92+52626]
	Ordinal0 [0x0031C127+180519]
	Ordinal0 [0x0031BF2D+180013]
	Ordinal0 [0x00319E5B+171611]
	Ordinal0 [0x00301DD8+73176]
	Ordinal0 [0x00302E50+77392]
	Ordinal0 [0x00302DE9+77289]
	Ordinal0 [0x0048D7F7+1693687]
	GetHandleVerifier [0x005E4576+522742]
	GetHandleVerifier [0x005E42B4+522036]
	GetHandleVerifier [0x005F9587+608775]
	GetHandleVerifier [0x005E4DE6+524902]
	Ordinal0 [0x00485BDC+1661916]
	Ordinal0 [0x0048F15B+1700187]
	Ordinal0 [0x0048F2C3+1700547]
	Ordinal0 [0x004A5135+1790261]
	BaseThreadInitThunk [0x75846359+25]
	RtlGetAppContainerNamedObjectPath [0x77DC7C24+228]
	RtlGetAppContainerNamedObjectPath [0x77DC7BF4+180]

	at org.openqa.selenium.remote.W3CHandshakeResponse.lambda$errorHandler$0(W3CHandshakeResponse.java:62)
	at org.openqa.selenium.remote.HandshakeResponse.lambda$getResponseFunction$0(HandshakeResponse.java:30)
	at org.openqa.selenium.remote.ProtocolHandshake.lambda$createSession$0(ProtocolHandshake.java:126)
	at java.util.stream.ReferencePipeline$3$1.accept(ReferencePipeline.java:193)
	at java.util.Spliterators$ArraySpliterator.tryAdvance(Spliterators.java:958)
	at java.util.stream.ReferencePipeline.forEachWithCancel(ReferencePipeline.java:126)
	at java.util.stream.AbstractPipeline.copyIntoWithCancel(AbstractPipeline.java:499)
	at java.util.stream.AbstractPipeline.copyInto(AbstractPipeline.java:486)
	at java.util.stream.AbstractPipeline.wrapAndCopyInto(AbstractPipeline.java:472)
	at java.util.stream.FindOps$FindOp.evaluateSequential(FindOps.java:152)
	at java.util.stream.AbstractPipeline.evaluate(AbstractPipeline.java:234)
	at java.util.stream.ReferencePipeline.findFirst(ReferencePipeline.java:464)
	at org.openqa.selenium.remote.ProtocolHandshake.createSession(ProtocolHandshake.java:128)
	at org.openqa.selenium.remote.ProtocolHandshake.createSession(ProtocolHandshake.java:74)
	at org.openqa.selenium.remote.HttpCommandExecutor.execute(HttpCommandExecutor.java:136)
	at org.openqa.selenium.remote.service.DriverCommandExecutor.execute(DriverCommandExecutor.java:83)
	at org.openqa.selenium.remote.RemoteWebDriver.execute(RemoteWebDriver.java:552)
	at org.openqa.selenium.remote.RemoteWebDriver.startSession(RemoteWebDriver.java:213)
	at org.openqa.selenium.remote.RemoteWebDriver.&lt;init&gt;(RemoteWebDriver.java:131)
	at org.openqa.selenium.chrome.ChromeDriver.&lt;init&gt;(ChromeDriver.java:181)
	at org.openqa.selenium.chrome.ChromeDriver.&lt;init&gt;(ChromeDriver.java:168)
	at org.openqa.selenium.chrome.ChromeDriver.&lt;init&gt;(ChromeDriver.java:157)
	at com.buddi.hdportal.tests.HDPortalBaseTest.setUp(HDPortalBaseTest.java:76)
... Removed 23 stack frames</div></td></tr></table><p class="totop"><a href="#summary">back to summary</a></p><h3 id="m2">com.buddi.hdportal.tests.HDPortalHomeTest#initialize</h3><table class="result"></table><p class="totop"><a href="#summary">back to summary</a></p><h3 id="m3">com.buddi.hdportal.tests.HDPortalLoginTest#initialize</h3><table class="result"></table><p class="totop"><a href="#summary">back to summary</a></p><h3 id="m4">com.buddi.hdportal.tests.HDPortalManagementTest#initialize</h3><table class="result"></table><p class="totop"><a href="#summary">back to summary</a></p><h3 id="m5">com.buddi.hdportal.tests.HDPortalHomeTest#verifyHelpDeskTitle</h3><table class="result"><tr><th>Exception</th></tr><tr><td><div class="stacktrace">org.openqa.selenium.SessionNotCreatedException: session not created: This version of ChromeDriver only supports Chrome version 81
Build info: version: &apos;3.141.59&apos;, revision: &apos;e82be7d358&apos;, time: &apos;2018-11-14T08:25:53&apos;
System info: host: &apos;LAPTOP-I3V0BKGE&apos;, ip: &apos;10.0.0.3&apos;, os.name: &apos;Windows 10&apos;, os.arch: &apos;amd64&apos;, os.version: &apos;10.0&apos;, java.version: &apos;1.8.0_221&apos;
Driver info: driver.version: ChromeDriver
remote stacktrace: Backtrace:
	Ordinal0 [0x00545E93+2449043]
	Ordinal0 [0x00478281+1606273]
	Ordinal0 [0x0036F889+522377]
	Ordinal0 [0x003005F3+67059]
	Ordinal0 [0x002FCD92+52626]
	Ordinal0 [0x0031C127+180519]
	Ordinal0 [0x0031BF2D+180013]
	Ordinal0 [0x00319E5B+171611]
	Ordinal0 [0x00301DD8+73176]
	Ordinal0 [0x00302E50+77392]
	Ordinal0 [0x00302DE9+77289]
	Ordinal0 [0x0048D7F7+1693687]
	GetHandleVerifier [0x005E4576+522742]
	GetHandleVerifier [0x005E42B4+522036]
	GetHandleVerifier [0x005F9587+608775]
	GetHandleVerifier [0x005E4DE6+524902]
	Ordinal0 [0x00485BDC+1661916]
	Ordinal0 [0x0048F15B+1700187]
	Ordinal0 [0x0048F2C3+1700547]
	Ordinal0 [0x004A5135+1790261]
	BaseThreadInitThunk [0x75846359+25]
	RtlGetAppContainerNamedObjectPath [0x77DC7C24+228]
	RtlGetAppContainerNamedObjectPath [0x77DC7BF4+180]

	at org.openqa.selenium.remote.W3CHandshakeResponse.lambda$errorHandler$0(W3CHandshakeResponse.java:62)
	at org.openqa.selenium.remote.HandshakeResponse.lambda$getResponseFunction$0(HandshakeResponse.java:30)
	at org.openqa.selenium.remote.ProtocolHandshake.lambda$createSession$0(ProtocolHandshake.java:126)
	at java.util.stream.ReferencePipeline$3$1.accept(ReferencePipeline.java:193)
	at java.util.Spliterators$ArraySpliterator.tryAdvance(Spliterators.java:958)
	at java.util.stream.ReferencePipeline.forEachWithCancel(ReferencePipeline.java:126)
	at java.util.stream.AbstractPipeline.copyIntoWithCancel(AbstractPipeline.java:499)
	at java.util.stream.AbstractPipeline.copyInto(AbstractPipeline.java:486)
	at java.util.stream.AbstractPipeline.wrapAndCopyInto(AbstractPipeline.java:472)
	at java.util.stream.FindOps$FindOp.evaluateSequential(FindOps.java:152)
	at java.util.stream.AbstractPipeline.evaluate(AbstractPipeline.java:234)
	at java.util.stream.ReferencePipeline.findFirst(ReferencePipeline.java:464)
	at org.openqa.selenium.remote.ProtocolHandshake.createSession(ProtocolHandshake.java:128)
	at org.openqa.selenium.remote.ProtocolHandshake.createSession(ProtocolHandshake.java:74)
	at org.openqa.selenium.remote.HttpCommandExecutor.execute(HttpCommandExecutor.java:136)
	at org.openqa.selenium.remote.service.DriverCommandExecutor.execute(DriverCommandExecutor.java:83)
	at org.openqa.selenium.remote.RemoteWebDriver.execute(RemoteWebDriver.java:552)
	at org.openqa.selenium.remote.RemoteWebDriver.startSession(RemoteWebDriver.java:213)
	at org.openqa.selenium.remote.RemoteWebDriver.&lt;init&gt;(RemoteWebDriver.java:131)
	at org.openqa.selenium.chrome.ChromeDriver.&lt;init&gt;(ChromeDriver.java:181)
	at org.openqa.selenium.chrome.ChromeDriver.&lt;init&gt;(ChromeDriver.java:168)
	at org.openqa.selenium.chrome.ChromeDriver.&lt;init&gt;(ChromeDriver.java:157)
	at com.buddi.hdportal.tests.HDPortalBaseTest.setUp(HDPortalBaseTest.java:76)
... Removed 23 stack frames</div></td></tr></table><p class="totop"><a href="#summary">back to summary</a></p><h3 id="m6">com.buddi.hdportal.tests.HDPortalLoginTest#launchHDPortal</h3><table class="result"><tr><th>Exception</th></tr><tr><td><div class="stacktrace">org.openqa.selenium.SessionNotCreatedException: session not created: This version of ChromeDriver only supports Chrome version 81
Build info: version: &apos;3.141.59&apos;, revision: &apos;e82be7d358&apos;, time: &apos;2018-11-14T08:25:53&apos;
System info: host: &apos;LAPTOP-I3V0BKGE&apos;, ip: &apos;10.0.0.3&apos;, os.name: &apos;Windows 10&apos;, os.arch: &apos;amd64&apos;, os.version: &apos;10.0&apos;, java.version: &apos;1.8.0_221&apos;
Driver info: driver.version: ChromeDriver
remote stacktrace: Backtrace:
	Ordinal0 [0x00545E93+2449043]
	Ordinal0 [0x00478281+1606273]
	Ordinal0 [0x0036F889+522377]
	Ordinal0 [0x003005F3+67059]
	Ordinal0 [0x002FCD92+52626]
	Ordinal0 [0x0031C127+180519]
	Ordinal0 [0x0031BF2D+180013]
	Ordinal0 [0x00319E5B+171611]
	Ordinal0 [0x00301DD8+73176]
	Ordinal0 [0x00302E50+77392]
	Ordinal0 [0x00302DE9+77289]
	Ordinal0 [0x0048D7F7+1693687]
	GetHandleVerifier [0x005E4576+522742]
	GetHandleVerifier [0x005E42B4+522036]
	GetHandleVerifier [0x005F9587+608775]
	GetHandleVerifier [0x005E4DE6+524902]
	Ordinal0 [0x00485BDC+1661916]
	Ordinal0 [0x0048F15B+1700187]
	Ordinal0 [0x0048F2C3+1700547]
	Ordinal0 [0x004A5135+1790261]
	BaseThreadInitThunk [0x75846359+25]
	RtlGetAppContainerNamedObjectPath [0x77DC7C24+228]
	RtlGetAppContainerNamedObjectPath [0x77DC7BF4+180]

	at org.openqa.selenium.remote.W3CHandshakeResponse.lambda$errorHandler$0(W3CHandshakeResponse.java:62)
	at org.openqa.selenium.remote.HandshakeResponse.lambda$getResponseFunction$0(HandshakeResponse.java:30)
	at org.openqa.selenium.remote.ProtocolHandshake.lambda$createSession$0(ProtocolHandshake.java:126)
	at java.util.stream.ReferencePipeline$3$1.accept(ReferencePipeline.java:193)
	at java.util.Spliterators$ArraySpliterator.tryAdvance(Spliterators.java:958)
	at java.util.stream.ReferencePipeline.forEachWithCancel(ReferencePipeline.java:126)
	at java.util.stream.AbstractPipeline.copyIntoWithCancel(AbstractPipeline.java:499)
	at java.util.stream.AbstractPipeline.copyInto(AbstractPipeline.java:486)
	at java.util.stream.AbstractPipeline.wrapAndCopyInto(AbstractPipeline.java:472)
	at java.util.stream.FindOps$FindOp.evaluateSequential(FindOps.java:152)
	at java.util.stream.AbstractPipeline.evaluate(AbstractPipeline.java:234)
	at java.util.stream.ReferencePipeline.findFirst(ReferencePipeline.java:464)
	at org.openqa.selenium.remote.ProtocolHandshake.createSession(ProtocolHandshake.java:128)
	at org.openqa.selenium.remote.ProtocolHandshake.createSession(ProtocolHandshake.java:74)
	at org.openqa.selenium.remote.HttpCommandExecutor.execute(HttpCommandExecutor.java:136)
	at org.openqa.selenium.remote.service.DriverCommandExecutor.execute(DriverCommandExecutor.java:83)
	at org.openqa.selenium.remote.RemoteWebDriver.execute(RemoteWebDriver.java:552)
	at org.openqa.selenium.remote.RemoteWebDriver.startSession(RemoteWebDriver.java:213)
	at org.openqa.selenium.remote.RemoteWebDriver.&lt;init&gt;(RemoteWebDriver.java:131)
	at org.openqa.selenium.chrome.ChromeDriver.&lt;init&gt;(ChromeDriver.java:181)
	at org.openqa.selenium.chrome.ChromeDriver.&lt;init&gt;(ChromeDriver.java:168)
	at org.openqa.selenium.chrome.ChromeDriver.&lt;init&gt;(ChromeDriver.java:157)
	at com.buddi.hdportal.tests.HDPortalBaseTest.setUp(HDPortalBaseTest.java:76)
... Removed 23 stack frames</div></td></tr></table><p class="totop"><a href="#summary">back to summary</a></p><h3 id="m7">com.buddi.hdportal.tests.HDPortalLoginTest#loginHDPortal</h3><table class="result"><tr><th>Exception</th></tr><tr><td><div class="stacktrace">org.openqa.selenium.SessionNotCreatedException: session not created: This version of ChromeDriver only supports Chrome version 81
Build info: version: &apos;3.141.59&apos;, revision: &apos;e82be7d358&apos;, time: &apos;2018-11-14T08:25:53&apos;
System info: host: &apos;LAPTOP-I3V0BKGE&apos;, ip: &apos;10.0.0.3&apos;, os.name: &apos;Windows 10&apos;, os.arch: &apos;amd64&apos;, os.version: &apos;10.0&apos;, java.version: &apos;1.8.0_221&apos;
Driver info: driver.version: ChromeDriver
remote stacktrace: Backtrace:
	Ordinal0 [0x00545E93+2449043]
	Ordinal0 [0x00478281+1606273]
	Ordinal0 [0x0036F889+522377]
	Ordinal0 [0x003005F3+67059]
	Ordinal0 [0x002FCD92+52626]
	Ordinal0 [0x0031C127+180519]
	Ordinal0 [0x0031BF2D+180013]
	Ordinal0 [0x00319E5B+171611]
	Ordinal0 [0x00301DD8+73176]
	Ordinal0 [0x00302E50+77392]
	Ordinal0 [0x00302DE9+77289]
	Ordinal0 [0x0048D7F7+1693687]
	GetHandleVerifier [0x005E4576+522742]
	GetHandleVerifier [0x005E42B4+522036]
	GetHandleVerifier [0x005F9587+608775]
	GetHandleVerifier [0x005E4DE6+524902]
	Ordinal0 [0x00485BDC+1661916]
	Ordinal0 [0x0048F15B+1700187]
	Ordinal0 [0x0048F2C3+1700547]
	Ordinal0 [0x004A5135+1790261]
	BaseThreadInitThunk [0x75846359+25]
	RtlGetAppContainerNamedObjectPath [0x77DC7C24+228]
	RtlGetAppContainerNamedObjectPath [0x77DC7BF4+180]

	at org.openqa.selenium.remote.W3CHandshakeResponse.lambda$errorHandler$0(W3CHandshakeResponse.java:62)
	at org.openqa.selenium.remote.HandshakeResponse.lambda$getResponseFunction$0(HandshakeResponse.java:30)
	at org.openqa.selenium.remote.ProtocolHandshake.lambda$createSession$0(ProtocolHandshake.java:126)
	at java.util.stream.ReferencePipeline$3$1.accept(ReferencePipeline.java:193)
	at java.util.Spliterators$ArraySpliterator.tryAdvance(Spliterators.java:958)
	at java.util.stream.ReferencePipeline.forEachWithCancel(ReferencePipeline.java:126)
	at java.util.stream.AbstractPipeline.copyIntoWithCancel(AbstractPipeline.java:499)
	at java.util.stream.AbstractPipeline.copyInto(AbstractPipeline.java:486)
	at java.util.stream.AbstractPipeline.wrapAndCopyInto(AbstractPipeline.java:472)
	at java.util.stream.FindOps$FindOp.evaluateSequential(FindOps.java:152)
	at java.util.stream.AbstractPipeline.evaluate(AbstractPipeline.java:234)
	at java.util.stream.ReferencePipeline.findFirst(ReferencePipeline.java:464)
	at org.openqa.selenium.remote.ProtocolHandshake.createSession(ProtocolHandshake.java:128)
	at org.openqa.selenium.remote.ProtocolHandshake.createSession(ProtocolHandshake.java:74)
	at org.openqa.selenium.remote.HttpCommandExecutor.execute(HttpCommandExecutor.java:136)
	at org.openqa.selenium.remote.service.DriverCommandExecutor.execute(DriverCommandExecutor.java:83)
	at org.openqa.selenium.remote.RemoteWebDriver.execute(RemoteWebDriver.java:552)
	at org.openqa.selenium.remote.RemoteWebDriver.startSession(RemoteWebDriver.java:213)
	at org.openqa.selenium.remote.RemoteWebDriver.&lt;init&gt;(RemoteWebDriver.java:131)
	at org.openqa.selenium.chrome.ChromeDriver.&lt;init&gt;(ChromeDriver.java:181)
	at org.openqa.selenium.chrome.ChromeDriver.&lt;init&gt;(ChromeDriver.java:168)
	at org.openqa.selenium.chrome.ChromeDriver.&lt;init&gt;(ChromeDriver.java:157)
	at com.buddi.hdportal.tests.HDPortalBaseTest.setUp(HDPortalBaseTest.java:76)
... Removed 23 stack frames</div></td></tr></table><p class="totop"><a href="#summary">back to summary</a></p><h3 id="m8">com.buddi.hdportal.tests.HDPortalManagementTest#addUserGroup</h3><table class="result"><tr><th>Exception</th></tr><tr><td><div class="stacktrace">org.openqa.selenium.SessionNotCreatedException: session not created: This version of ChromeDriver only supports Chrome version 81
Build info: version: &apos;3.141.59&apos;, revision: &apos;e82be7d358&apos;, time: &apos;2018-11-14T08:25:53&apos;
System info: host: &apos;LAPTOP-I3V0BKGE&apos;, ip: &apos;10.0.0.3&apos;, os.name: &apos;Windows 10&apos;, os.arch: &apos;amd64&apos;, os.version: &apos;10.0&apos;, java.version: &apos;1.8.0_221&apos;
Driver info: driver.version: ChromeDriver
remote stacktrace: Backtrace:
	Ordinal0 [0x00545E93+2449043]
	Ordinal0 [0x00478281+1606273]
	Ordinal0 [0x0036F889+522377]
	Ordinal0 [0x003005F3+67059]
	Ordinal0 [0x002FCD92+52626]
	Ordinal0 [0x0031C127+180519]
	Ordinal0 [0x0031BF2D+180013]
	Ordinal0 [0x00319E5B+171611]
	Ordinal0 [0x00301DD8+73176]
	Ordinal0 [0x00302E50+77392]
	Ordinal0 [0x00302DE9+77289]
	Ordinal0 [0x0048D7F7+1693687]
	GetHandleVerifier [0x005E4576+522742]
	GetHandleVerifier [0x005E42B4+522036]
	GetHandleVerifier [0x005F9587+608775]
	GetHandleVerifier [0x005E4DE6+524902]
	Ordinal0 [0x00485BDC+1661916]
	Ordinal0 [0x0048F15B+1700187]
	Ordinal0 [0x0048F2C3+1700547]
	Ordinal0 [0x004A5135+1790261]
	BaseThreadInitThunk [0x75846359+25]
	RtlGetAppContainerNamedObjectPath [0x77DC7C24+228]
	RtlGetAppContainerNamedObjectPath [0x77DC7BF4+180]

	at org.openqa.selenium.remote.W3CHandshakeResponse.lambda$errorHandler$0(W3CHandshakeResponse.java:62)
	at org.openqa.selenium.remote.HandshakeResponse.lambda$getResponseFunction$0(HandshakeResponse.java:30)
	at org.openqa.selenium.remote.ProtocolHandshake.lambda$createSession$0(ProtocolHandshake.java:126)
	at java.util.stream.ReferencePipeline$3$1.accept(ReferencePipeline.java:193)
	at java.util.Spliterators$ArraySpliterator.tryAdvance(Spliterators.java:958)
	at java.util.stream.ReferencePipeline.forEachWithCancel(ReferencePipeline.java:126)
	at java.util.stream.AbstractPipeline.copyIntoWithCancel(AbstractPipeline.java:499)
	at java.util.stream.AbstractPipeline.copyInto(AbstractPipeline.java:486)
	at java.util.stream.AbstractPipeline.wrapAndCopyInto(AbstractPipeline.java:472)
	at java.util.stream.FindOps$FindOp.evaluateSequential(FindOps.java:152)
	at java.util.stream.AbstractPipeline.evaluate(AbstractPipeline.java:234)
	at java.util.stream.ReferencePipeline.findFirst(ReferencePipeline.java:464)
	at org.openqa.selenium.remote.ProtocolHandshake.createSession(ProtocolHandshake.java:128)
	at org.openqa.selenium.remote.ProtocolHandshake.createSession(ProtocolHandshake.java:74)
	at org.openqa.selenium.remote.HttpCommandExecutor.execute(HttpCommandExecutor.java:136)
	at org.openqa.selenium.remote.service.DriverCommandExecutor.execute(DriverCommandExecutor.java:83)
	at org.openqa.selenium.remote.RemoteWebDriver.execute(RemoteWebDriver.java:552)
	at org.openqa.selenium.remote.RemoteWebDriver.startSession(RemoteWebDriver.java:213)
	at org.openqa.selenium.remote.RemoteWebDriver.&lt;init&gt;(RemoteWebDriver.java:131)
	at org.openqa.selenium.chrome.ChromeDriver.&lt;init&gt;(ChromeDriver.java:181)
	at org.openqa.selenium.chrome.ChromeDriver.&lt;init&gt;(ChromeDriver.java:168)
	at org.openqa.selenium.chrome.ChromeDriver.&lt;init&gt;(ChromeDriver.java:157)
	at com.buddi.hdportal.tests.HDPortalBaseTest.setUp(HDPortalBaseTest.java:76)
... Removed 23 stack frames</div></td></tr></table><p class="totop"><a href="#summary">back to summary</a></p><h3 id="m9">com.buddi.hdportal.tests.HDPortalManagementTest#clickUserGroupsMenuItem</h3><table class="result"><tr><th>Exception</th></tr><tr><td><div class="stacktrace">org.openqa.selenium.SessionNotCreatedException: session not created: This version of ChromeDriver only supports Chrome version 81
Build info: version: &apos;3.141.59&apos;, revision: &apos;e82be7d358&apos;, time: &apos;2018-11-14T08:25:53&apos;
System info: host: &apos;LAPTOP-I3V0BKGE&apos;, ip: &apos;10.0.0.3&apos;, os.name: &apos;Windows 10&apos;, os.arch: &apos;amd64&apos;, os.version: &apos;10.0&apos;, java.version: &apos;1.8.0_221&apos;
Driver info: driver.version: ChromeDriver
remote stacktrace: Backtrace:
	Ordinal0 [0x00545E93+2449043]
	Ordinal0 [0x00478281+1606273]
	Ordinal0 [0x0036F889+522377]
	Ordinal0 [0x003005F3+67059]
	Ordinal0 [0x002FCD92+52626]
	Ordinal0 [0x0031C127+180519]
	Ordinal0 [0x0031BF2D+180013]
	Ordinal0 [0x00319E5B+171611]
	Ordinal0 [0x00301DD8+73176]
	Ordinal0 [0x00302E50+77392]
	Ordinal0 [0x00302DE9+77289]
	Ordinal0 [0x0048D7F7+1693687]
	GetHandleVerifier [0x005E4576+522742]
	GetHandleVerifier [0x005E42B4+522036]
	GetHandleVerifier [0x005F9587+608775]
	GetHandleVerifier [0x005E4DE6+524902]
	Ordinal0 [0x00485BDC+1661916]
	Ordinal0 [0x0048F15B+1700187]
	Ordinal0 [0x0048F2C3+1700547]
	Ordinal0 [0x004A5135+1790261]
	BaseThreadInitThunk [0x75846359+25]
	RtlGetAppContainerNamedObjectPath [0x77DC7C24+228]
	RtlGetAppContainerNamedObjectPath [0x77DC7BF4+180]

	at org.openqa.selenium.remote.W3CHandshakeResponse.lambda$errorHandler$0(W3CHandshakeResponse.java:62)
	at org.openqa.selenium.remote.HandshakeResponse.lambda$getResponseFunction$0(HandshakeResponse.java:30)
	at org.openqa.selenium.remote.ProtocolHandshake.lambda$createSession$0(ProtocolHandshake.java:126)
	at java.util.stream.ReferencePipeline$3$1.accept(ReferencePipeline.java:193)
	at java.util.Spliterators$ArraySpliterator.tryAdvance(Spliterators.java:958)
	at java.util.stream.ReferencePipeline.forEachWithCancel(ReferencePipeline.java:126)
	at java.util.stream.AbstractPipeline.copyIntoWithCancel(AbstractPipeline.java:499)
	at java.util.stream.AbstractPipeline.copyInto(AbstractPipeline.java:486)
	at java.util.stream.AbstractPipeline.wrapAndCopyInto(AbstractPipeline.java:472)
	at java.util.stream.FindOps$FindOp.evaluateSequential(FindOps.java:152)
	at java.util.stream.AbstractPipeline.evaluate(AbstractPipeline.java:234)
	at java.util.stream.ReferencePipeline.findFirst(ReferencePipeline.java:464)
	at org.openqa.selenium.remote.ProtocolHandshake.createSession(ProtocolHandshake.java:128)
	at org.openqa.selenium.remote.ProtocolHandshake.createSession(ProtocolHandshake.java:74)
	at org.openqa.selenium.remote.HttpCommandExecutor.execute(HttpCommandExecutor.java:136)
	at org.openqa.selenium.remote.service.DriverCommandExecutor.execute(DriverCommandExecutor.java:83)
	at org.openqa.selenium.remote.RemoteWebDriver.execute(RemoteWebDriver.java:552)
	at org.openqa.selenium.remote.RemoteWebDriver.startSession(RemoteWebDriver.java:213)
	at org.openqa.selenium.remote.RemoteWebDriver.&lt;init&gt;(RemoteWebDriver.java:131)
	at org.openqa.selenium.chrome.ChromeDriver.&lt;init&gt;(ChromeDriver.java:181)
	at org.openqa.selenium.chrome.ChromeDriver.&lt;init&gt;(ChromeDriver.java:168)
	at org.openqa.selenium.chrome.ChromeDriver.&lt;init&gt;(ChromeDriver.java:157)
	at com.buddi.hdportal.tests.HDPortalBaseTest.setUp(HDPortalBaseTest.java:76)
... Removed 23 stack frames</div></td></tr></table><p class="totop"><a href="#summary">back to summary</a></p><h3 id="m10">com.buddi.hdportal.tests.HDPortalManagementTest#deleteCreatedUserGroup</h3><table class="result"><tr><th>Exception</th></tr><tr><td><div class="stacktrace">org.openqa.selenium.SessionNotCreatedException: session not created: This version of ChromeDriver only supports Chrome version 81
Build info: version: &apos;3.141.59&apos;, revision: &apos;e82be7d358&apos;, time: &apos;2018-11-14T08:25:53&apos;
System info: host: &apos;LAPTOP-I3V0BKGE&apos;, ip: &apos;10.0.0.3&apos;, os.name: &apos;Windows 10&apos;, os.arch: &apos;amd64&apos;, os.version: &apos;10.0&apos;, java.version: &apos;1.8.0_221&apos;
Driver info: driver.version: ChromeDriver
remote stacktrace: Backtrace:
	Ordinal0 [0x00545E93+2449043]
	Ordinal0 [0x00478281+1606273]
	Ordinal0 [0x0036F889+522377]
	Ordinal0 [0x003005F3+67059]
	Ordinal0 [0x002FCD92+52626]
	Ordinal0 [0x0031C127+180519]
	Ordinal0 [0x0031BF2D+180013]
	Ordinal0 [0x00319E5B+171611]
	Ordinal0 [0x00301DD8+73176]
	Ordinal0 [0x00302E50+77392]
	Ordinal0 [0x00302DE9+77289]
	Ordinal0 [0x0048D7F7+1693687]
	GetHandleVerifier [0x005E4576+522742]
	GetHandleVerifier [0x005E42B4+522036]
	GetHandleVerifier [0x005F9587+608775]
	GetHandleVerifier [0x005E4DE6+524902]
	Ordinal0 [0x00485BDC+1661916]
	Ordinal0 [0x0048F15B+1700187]
	Ordinal0 [0x0048F2C3+1700547]
	Ordinal0 [0x004A5135+1790261]
	BaseThreadInitThunk [0x75846359+25]
	RtlGetAppContainerNamedObjectPath [0x77DC7C24+228]
	RtlGetAppContainerNamedObjectPath [0x77DC7BF4+180]

	at org.openqa.selenium.remote.W3CHandshakeResponse.lambda$errorHandler$0(W3CHandshakeResponse.java:62)
	at org.openqa.selenium.remote.HandshakeResponse.lambda$getResponseFunction$0(HandshakeResponse.java:30)
	at org.openqa.selenium.remote.ProtocolHandshake.lambda$createSession$0(ProtocolHandshake.java:126)
	at java.util.stream.ReferencePipeline$3$1.accept(ReferencePipeline.java:193)
	at java.util.Spliterators$ArraySpliterator.tryAdvance(Spliterators.java:958)
	at java.util.stream.ReferencePipeline.forEachWithCancel(ReferencePipeline.java:126)
	at java.util.stream.AbstractPipeline.copyIntoWithCancel(AbstractPipeline.java:499)
	at java.util.stream.AbstractPipeline.copyInto(AbstractPipeline.java:486)
	at java.util.stream.AbstractPipeline.wrapAndCopyInto(AbstractPipeline.java:472)
	at java.util.stream.FindOps$FindOp.evaluateSequential(FindOps.java:152)
	at java.util.stream.AbstractPipeline.evaluate(AbstractPipeline.java:234)
	at java.util.stream.ReferencePipeline.findFirst(ReferencePipeline.java:464)
	at org.openqa.selenium.remote.ProtocolHandshake.createSession(ProtocolHandshake.java:128)
	at org.openqa.selenium.remote.ProtocolHandshake.createSession(ProtocolHandshake.java:74)
	at org.openqa.selenium.remote.HttpCommandExecutor.execute(HttpCommandExecutor.java:136)
	at org.openqa.selenium.remote.service.DriverCommandExecutor.execute(DriverCommandExecutor.java:83)
	at org.openqa.selenium.remote.RemoteWebDriver.execute(RemoteWebDriver.java:552)
	at org.openqa.selenium.remote.RemoteWebDriver.startSession(RemoteWebDriver.java:213)
	at org.openqa.selenium.remote.RemoteWebDriver.&lt;init&gt;(RemoteWebDriver.java:131)
	at org.openqa.selenium.chrome.ChromeDriver.&lt;init&gt;(ChromeDriver.java:181)
	at org.openqa.selenium.chrome.ChromeDriver.&lt;init&gt;(ChromeDriver.java:168)
	at org.openqa.selenium.chrome.ChromeDriver.&lt;init&gt;(ChromeDriver.java:157)
	at com.buddi.hdportal.tests.HDPortalBaseTest.setUp(HDPortalBaseTest.java:76)
... Removed 23 stack frames</div></td></tr></table><p class="totop"><a href="#summary">back to summary</a></p><h3 id="m11">com.buddi.hdportal.tests.HDPortalManagementTest#expandManagementMenu</h3><table class="result"><tr><th>Exception</th></tr><tr><td><div class="stacktrace">org.openqa.selenium.SessionNotCreatedException: session not created: This version of ChromeDriver only supports Chrome version 81
Build info: version: &apos;3.141.59&apos;, revision: &apos;e82be7d358&apos;, time: &apos;2018-11-14T08:25:53&apos;
System info: host: &apos;LAPTOP-I3V0BKGE&apos;, ip: &apos;10.0.0.3&apos;, os.name: &apos;Windows 10&apos;, os.arch: &apos;amd64&apos;, os.version: &apos;10.0&apos;, java.version: &apos;1.8.0_221&apos;
Driver info: driver.version: ChromeDriver
remote stacktrace: Backtrace:
	Ordinal0 [0x00545E93+2449043]
	Ordinal0 [0x00478281+1606273]
	Ordinal0 [0x0036F889+522377]
	Ordinal0 [0x003005F3+67059]
	Ordinal0 [0x002FCD92+52626]
	Ordinal0 [0x0031C127+180519]
	Ordinal0 [0x0031BF2D+180013]
	Ordinal0 [0x00319E5B+171611]
	Ordinal0 [0x00301DD8+73176]
	Ordinal0 [0x00302E50+77392]
	Ordinal0 [0x00302DE9+77289]
	Ordinal0 [0x0048D7F7+1693687]
	GetHandleVerifier [0x005E4576+522742]
	GetHandleVerifier [0x005E42B4+522036]
	GetHandleVerifier [0x005F9587+608775]
	GetHandleVerifier [0x005E4DE6+524902]
	Ordinal0 [0x00485BDC+1661916]
	Ordinal0 [0x0048F15B+1700187]
	Ordinal0 [0x0048F2C3+1700547]
	Ordinal0 [0x004A5135+1790261]
	BaseThreadInitThunk [0x75846359+25]
	RtlGetAppContainerNamedObjectPath [0x77DC7C24+228]
	RtlGetAppContainerNamedObjectPath [0x77DC7BF4+180]

	at org.openqa.selenium.remote.W3CHandshakeResponse.lambda$errorHandler$0(W3CHandshakeResponse.java:62)
	at org.openqa.selenium.remote.HandshakeResponse.lambda$getResponseFunction$0(HandshakeResponse.java:30)
	at org.openqa.selenium.remote.ProtocolHandshake.lambda$createSession$0(ProtocolHandshake.java:126)
	at java.util.stream.ReferencePipeline$3$1.accept(ReferencePipeline.java:193)
	at java.util.Spliterators$ArraySpliterator.tryAdvance(Spliterators.java:958)
	at java.util.stream.ReferencePipeline.forEachWithCancel(ReferencePipeline.java:126)
	at java.util.stream.AbstractPipeline.copyIntoWithCancel(AbstractPipeline.java:499)
	at java.util.stream.AbstractPipeline.copyInto(AbstractPipeline.java:486)
	at java.util.stream.AbstractPipeline.wrapAndCopyInto(AbstractPipeline.java:472)
	at java.util.stream.FindOps$FindOp.evaluateSequential(FindOps.java:152)
	at java.util.stream.AbstractPipeline.evaluate(AbstractPipeline.java:234)
	at java.util.stream.ReferencePipeline.findFirst(ReferencePipeline.java:464)
	at org.openqa.selenium.remote.ProtocolHandshake.createSession(ProtocolHandshake.java:128)
	at org.openqa.selenium.remote.ProtocolHandshake.createSession(ProtocolHandshake.java:74)
	at org.openqa.selenium.remote.HttpCommandExecutor.execute(HttpCommandExecutor.java:136)
	at org.openqa.selenium.remote.service.DriverCommandExecutor.execute(DriverCommandExecutor.java:83)
	at org.openqa.selenium.remote.RemoteWebDriver.execute(RemoteWebDriver.java:552)
	at org.openqa.selenium.remote.RemoteWebDriver.startSession(RemoteWebDriver.java:213)
	at org.openqa.selenium.remote.RemoteWebDriver.&lt;init&gt;(RemoteWebDriver.java:131)
	at org.openqa.selenium.chrome.ChromeDriver.&lt;init&gt;(ChromeDriver.java:181)
	at org.openqa.selenium.chrome.ChromeDriver.&lt;init&gt;(ChromeDriver.java:168)
	at org.openqa.selenium.chrome.ChromeDriver.&lt;init&gt;(ChromeDriver.java:157)
	at com.buddi.hdportal.tests.HDPortalBaseTest.setUp(HDPortalBaseTest.java:76)
... Removed 23 stack frames</div></td></tr></table><p class="totop"><a href="#summary">back to summary</a></p></body></html>