<?xml version="1.0" encoding="UTF-8"?>
<!-- Generated by org.testng.reporters.JUnitReportReporter -->
<testsuite skipped="2" hostname="LAPTOP-I3V0BKGE" name="com.buddi.hdportal.tests.HDPortalLoginTest" tests="4" failures="0" timestamp="13 Jun 2020 09:52:21 GMT" time="3.490" errors="2">
  <testcase name="launchHDPortal" time="0.000" classname="com.buddi.hdportal.tests.HDPortalLoginTest">
    <skipped/>
  </testcase> <!-- launchHDPortal -->
  <testcase name="setUp" time="3.489" classname="com.buddi.hdportal.tests.HDPortalLoginTest">
    <error type="org.openqa.selenium.SessionNotCreatedException" message="session not created: This version of ChromeDriver only supports Chrome version 81
Build info: version: &#039;3.141.59&#039;, revision: &#039;e82be7d358&#039;, time: &#039;2018-11-14T08:25:53&#039;
System info: host: &#039;LAPTOP-I3V0BKGE&#039;, ip: &#039;10.0.0.3&#039;, os.name: &#039;Windows 10&#039;, os.arch: &#039;amd64&#039;, os.version: &#039;10.0&#039;, java.version: &#039;1.8.0_221&#039;
Driver info: driver.version: ChromeDriver
remote stacktrace: Backtrace:
	Ordinal0 [0x00545E93+2449043]
	Ordinal0 [0x00478281+1606273]
	Ordinal0 [0x0036F889+522377]
	Ordinal0 [0x003005F3+67059]
	Ordinal0 [0x002FCD92+52626]
	Ordinal0 [0x0031C127+180519]
	Ordinal0 [0x0031BF2D+180013]
	Ordinal0 [0x00319E5B+171611]
	Ordinal0 [0x00301DD8+73176]
	Ordinal0 [0x00302E50+77392]
	Ordinal0 [0x00302DE9+77289]
	Ordinal0 [0x0048D7F7+1693687]
	GetHandleVerifier [0x005E4576+522742]
	GetHandleVerifier [0x005E42B4+522036]
	GetHandleVerifier [0x005F9587+608775]
	GetHandleVerifier [0x005E4DE6+524902]
	Ordinal0 [0x00485BDC+1661916]
	Ordinal0 [0x0048F15B+1700187]
	Ordinal0 [0x0048F2C3+1700547]
	Ordinal0 [0x004A5135+1790261]
	BaseThreadInitThunk [0x75846359+25]
	RtlGetAppContainerNamedObjectPath [0x77DC7C24+228]
	RtlGetAppContainerNamedObjectPath [0x77DC7BF4+180]
">
      <![CDATA[org.openqa.selenium.SessionNotCreatedException: session not created: This version of ChromeDriver only supports Chrome version 81
Build info: version: '3.141.59', revision: 'e82be7d358', time: '2018-11-14T08:25:53'
System info: host: 'LAPTOP-I3V0BKGE', ip: '10.0.0.3', os.name: 'Windows 10', os.arch: 'amd64', os.version: '10.0', java.version: '1.8.0_221'
Driver info: driver.version: ChromeDriver
remote stacktrace: Backtrace:
	Ordinal0 [0x00545E93+2449043]
	Ordinal0 [0x00478281+1606273]
	Ordinal0 [0x0036F889+522377]
	Ordinal0 [0x003005F3+67059]
	Ordinal0 [0x002FCD92+52626]
	Ordinal0 [0x0031C127+180519]
	Ordinal0 [0x0031BF2D+180013]
	Ordinal0 [0x00319E5B+171611]
	Ordinal0 [0x00301DD8+73176]
	Ordinal0 [0x00302E50+77392]
	Ordinal0 [0x00302DE9+77289]
	Ordinal0 [0x0048D7F7+1693687]
	GetHandleVerifier [0x005E4576+522742]
	GetHandleVerifier [0x005E42B4+522036]
	GetHandleVerifier [0x005F9587+608775]
	GetHandleVerifier [0x005E4DE6+524902]
	Ordinal0 [0x00485BDC+1661916]
	Ordinal0 [0x0048F15B+1700187]
	Ordinal0 [0x0048F2C3+1700547]
	Ordinal0 [0x004A5135+1790261]
	BaseThreadInitThunk [0x75846359+25]
	RtlGetAppContainerNamedObjectPath [0x77DC7C24+228]
	RtlGetAppContainerNamedObjectPath [0x77DC7BF4+180]

	at sun.reflect.NativeConstructorAccessorImpl.newInstance0(Native Method)
	at sun.reflect.NativeConstructorAccessorImpl.newInstance(NativeConstructorAccessorImpl.java:62)
	at sun.reflect.DelegatingConstructorAccessorImpl.newInstance(DelegatingConstructorAccessorImpl.java:45)
	at java.lang.reflect.Constructor.newInstance(Constructor.java:423)
	at org.openqa.selenium.remote.W3CHandshakeResponse.lambda$errorHandler$0(W3CHandshakeResponse.java:62)
	at org.openqa.selenium.remote.HandshakeResponse.lambda$getResponseFunction$0(HandshakeResponse.java:30)
	at org.openqa.selenium.remote.ProtocolHandshake.lambda$createSession$0(ProtocolHandshake.java:126)
	at java.util.stream.ReferencePipeline$3$1.accept(ReferencePipeline.java:193)
	at java.util.Spliterators$ArraySpliterator.tryAdvance(Spliterators.java:958)
	at java.util.stream.ReferencePipeline.forEachWithCancel(ReferencePipeline.java:126)
	at java.util.stream.AbstractPipeline.copyIntoWithCancel(AbstractPipeline.java:499)
	at java.util.stream.AbstractPipeline.copyInto(AbstractPipeline.java:486)
	at java.util.stream.AbstractPipeline.wrapAndCopyInto(AbstractPipeline.java:472)
	at java.util.stream.FindOps$FindOp.evaluateSequential(FindOps.java:152)
	at java.util.stream.AbstractPipeline.evaluate(AbstractPipeline.java:234)
	at java.util.stream.ReferencePipeline.findFirst(ReferencePipeline.java:464)
	at org.openqa.selenium.remote.ProtocolHandshake.createSession(ProtocolHandshake.java:128)
	at org.openqa.selenium.remote.ProtocolHandshake.createSession(ProtocolHandshake.java:74)
	at org.openqa.selenium.remote.HttpCommandExecutor.execute(HttpCommandExecutor.java:136)
	at org.openqa.selenium.remote.service.DriverCommandExecutor.execute(DriverCommandExecutor.java:83)
	at org.openqa.selenium.remote.RemoteWebDriver.execute(RemoteWebDriver.java:552)
	at org.openqa.selenium.remote.RemoteWebDriver.startSession(RemoteWebDriver.java:213)
	at org.openqa.selenium.remote.RemoteWebDriver.<init>(RemoteWebDriver.java:131)
	at org.openqa.selenium.chrome.ChromeDriver.<init>(ChromeDriver.java:181)
	at org.openqa.selenium.chrome.ChromeDriver.<init>(ChromeDriver.java:168)
	at org.openqa.selenium.chrome.ChromeDriver.<init>(ChromeDriver.java:157)
	at com.buddi.hdportal.tests.HDPortalBaseTest.setUp(HDPortalBaseTest.java:76)
	at sun.reflect.NativeMethodAccessorImpl.invoke0(Native Method)
	at sun.reflect.NativeMethodAccessorImpl.invoke(NativeMethodAccessorImpl.java:62)
	at sun.reflect.DelegatingMethodAccessorImpl.invoke(DelegatingMethodAccessorImpl.java:43)
	at java.lang.reflect.Method.invoke(Method.java:498)
	at org.testng.internal.MethodInvocationHelper.invokeMethod(MethodInvocationHelper.java:108)
	at org.testng.internal.Invoker.invokeConfigurationMethod(Invoker.java:523)
	at org.testng.internal.Invoker.invokeConfigurations(Invoker.java:224)
	at org.testng.internal.Invoker.invokeConfigurations(Invoker.java:146)
	at org.testng.SuiteRunner.privateRun(SuiteRunner.java:326)
	at org.testng.SuiteRunner.run(SuiteRunner.java:289)
	at org.testng.SuiteRunnerWorker.runSuite(SuiteRunnerWorker.java:52)
	at org.testng.SuiteRunnerWorker.run(SuiteRunnerWorker.java:86)
	at org.testng.TestNG.runSuitesSequentially(TestNG.java:1301)
	at org.testng.TestNG.runSuitesLocally(TestNG.java:1226)
	at org.testng.TestNG.runSuites(TestNG.java:1144)
	at org.testng.TestNG.run(TestNG.java:1115)
	at org.testng.remote.AbstractRemoteTestNG.run(AbstractRemoteTestNG.java:132)
	at org.testng.remote.RemoteTestNG.initAndRun(RemoteTestNG.java:230)
	at org.testng.remote.RemoteTestNG.main(RemoteTestNG.java:76)
]]>
    </error>
  </testcase> <!-- setUp -->
  <testcase name="clean" time="0.001" classname="com.buddi.hdportal.tests.HDPortalLoginTest">
    <error type="java.lang.NullPointerException">
      <![CDATA[java.lang.NullPointerException
	at com.buddi.hdportal.tests.HDPortalBaseTest.clean(HDPortalBaseTest.java:191)
	at sun.reflect.NativeMethodAccessorImpl.invoke0(Native Method)
	at sun.reflect.NativeMethodAccessorImpl.invoke(NativeMethodAccessorImpl.java:62)
	at sun.reflect.DelegatingMethodAccessorImpl.invoke(DelegatingMethodAccessorImpl.java:43)
	at java.lang.reflect.Method.invoke(Method.java:498)
	at org.testng.internal.MethodInvocationHelper.invokeMethod(MethodInvocationHelper.java:108)
	at org.testng.internal.Invoker.invokeConfigurationMethod(Invoker.java:523)
	at org.testng.internal.Invoker.invokeConfigurations(Invoker.java:224)
	at org.testng.internal.Invoker.invokeConfigurations(Invoker.java:146)
	at org.testng.SuiteRunner.privateRun(SuiteRunner.java:350)
	at org.testng.SuiteRunner.run(SuiteRunner.java:289)
	at org.testng.SuiteRunnerWorker.runSuite(SuiteRunnerWorker.java:52)
	at org.testng.SuiteRunnerWorker.run(SuiteRunnerWorker.java:86)
	at org.testng.TestNG.runSuitesSequentially(TestNG.java:1301)
	at org.testng.TestNG.runSuitesLocally(TestNG.java:1226)
	at org.testng.TestNG.runSuites(TestNG.java:1144)
	at org.testng.TestNG.run(TestNG.java:1115)
	at org.testng.remote.AbstractRemoteTestNG.run(AbstractRemoteTestNG.java:132)
	at org.testng.remote.RemoteTestNG.initAndRun(RemoteTestNG.java:230)
	at org.testng.remote.RemoteTestNG.main(RemoteTestNG.java:76)
]]>
    </error>
  </testcase> <!-- clean -->
  <testcase name="loginHDPortal" time="0.000" classname="com.buddi.hdportal.tests.HDPortalLoginTest">
    <skipped/>
  </testcase> <!-- loginHDPortal -->
</testsuite> <!-- com.buddi.hdportal.tests.HDPortalLoginTest -->
